<?xml version="1.0" encoding="UTF-8"?>
<testsuite xmlns:xsi="http://www.w3.org/2001/XMLSchema-instance" xsi:noNamespaceSchemaLocation="https://maven.apache.org/surefire/maven-surefire-plugin/xsd/surefire-test-report.xsd" version="3.0.2" name="com.nanobase.specai.document.application.DocumentExtractionPersistenceServiceTest" time="0.112" tests="2" errors="0" skipped="0" failures="0">
  <properties>
[...]
</properties>
  <testcase name="rejectsMissingClauseParent" classname="com.nanobase.specai.document.application.DocumentExtractionPersistenceServiceTest" time="0.02"/>
  <testcase name="persistsParentBeforeChildUsingProviderSourceIds" classname="com.nanobase.specai.document.application.DocumentExtractionPersistenceServiceTest" time="0.005"/>
</testsuite>